# JRE version: OpenJDK Runtime Environment (21.0.7) (build 21.0.7+-13880790-b1038.58)
# Java VM: OpenJDK 64-Bit Server VM (21.0.7+-13880790-b1038.58, mixed mode, tiered, compressed oops, compressed class ptrs, g1 gc, windows-amd64)
GC Precious Log:
 CardTable entry size: 512
 Card Set container configuration: InlinePtr #cards 5 size 8 Array Of Cards #cards 12 size 40 Howl #buckets 4 coarsen threshold 1843 Howl Bitmap #cards 512 size 80 coarsen threshold 460 Card regions per heap region 1 cards per card region 2048
 CPUs: 12 total, 12 available
 Memory: 7583M
 Large Page Support: Disabled
 NUMA Support: Disabled
 Compressed Oops: Enabled (32-bit)
 Heap Region Size: 1M
 Heap Min Capacity: 8M
 Heap Initial Capacity: 120M
 Heap Max Capacity: 2G
 Pre-touch: Disabled
 Parallel Workers: 10
 Concurrent Workers: 3
 Concurrent Refinement Workers: 10
 Periodic GC: Disabled
Heap:
 garbage-first heap   total 311296K, used 192147K [0x0000000080000000, 0x0000000100000000)
  region size 1024K, 2 young (2048K), 2 survivors (2048K)
 Metaspace       used 136356K, committed 138624K, reserved 1179648K
  class space    used 17985K, committed 19136K, reserved 1048576K
GC Heap History (20 events):
Event: 464.100 GC heap after
{Heap after GC invocations=56 (full 0):
 garbage-first heap   total 207872K, used 138718K [0x0000000080000000, 0x0000000100000000)
  region size 1024K, 8 young (8192K), 8 survivors (8192K)
 Metaspace       used 128830K, committed 131136K, reserved 1179648K
  class space    used 17227K, committed 18368K, reserved 1048576K
}
Event: 465.051 GC heap before
{Heap before GC invocations=56 (full 0):
 garbage-first heap   total 207872K, used 187870K [0x0000000080000000, 0x0000000100000000)
  region size 1024K, 57 young (58368K), 8 survivors (8192K)
 Metaspace       used 129299K, committed 131584K, reserved 1179648K
  class space    used 17317K, committed 18432K, reserved 1048576K
}
Event: 465.078 GC heap after
{Heap after GC invocations=57 (full 0):
 garbage-first heap   total 207872K, used 141954K [0x0000000080000000, 0x0000000100000000)
  region size 1024K, 5 young (5120K), 5 survivors (5120K)
 Metaspace       used 129299K, committed 131584K, reserved 1179648K
  class space    used 17317K, committed 18432K, reserved 1048576K
}
Event: 467.631 GC heap before
{Heap before GC invocations=58 (full 0):
 garbage-first heap   total 239616K, used 187010K [0x0000000080000000, 0x0000000100000000)
  region size 1024K, 50 young (51200K), 5 survivors (5120K)
 Metaspace       used 131411K, committed 133696K, reserved 1179648K
  class space    used 17563K, committed 18688K, reserved 1048576K
}
Event: 467.642 GC heap after
{Heap after GC invocations=59 (full 0):
 garbage-first heap   total 239616K, used 148480K [0x0000000080000000, 0x0000000100000000)
  region size 1024K, 7 young (7168K), 7 survivors (7168K)
 Metaspace       used 131411K, committed 133696K, reserved 1179648K
  class space    used 17563K, committed 18688K, reserved 1048576K
}
Event: 470.114 GC heap before
{Heap before GC invocations=59 (full 0):
 garbage-first heap   total 239616K, used 231424K [0x0000000080000000, 0x0000000100000000)
  region size 1024K, 73 young (74752K), 7 survivors (7168K)
 Metaspace       used 132056K, committed 134336K, reserved 1179648K
  class space    used 17609K, committed 18752K, reserved 1048576K
}
Event: 470.155 GC heap after
{Heap after GC invocations=60 (full 0):
 garbage-first heap   total 268288K, used 167936K [0x0000000080000000, 0x0000000100000000)
  region size 1024K, 10 young (10240K), 10 survivors (10240K)
 Metaspace       used 132056K, committed 134336K, reserved 1179648K
  class space    used 17609K, committed 18752K, reserved 1048576K
}
Event: 471.225 GC heap before
{Heap before GC invocations=60 (full 0):
 garbage-first heap   total 268288K, used 193536K [0x0000000080000000, 0x0000000100000000)
  region size 1024K, 37 young (37888K), 10 survivors (10240K)
 Metaspace       used 132153K, committed 134464K, reserved 1179648K
  class space    used 17614K, committed 18752K, reserved 1048576K
}
Event: 471.246 GC heap after
{Heap after GC invocations=61 (full 0):
 garbage-first heap   total 268288K, used 178454K [0x0000000080000000, 0x0000000100000000)
  region size 1024K, 9 young (9216K), 9 survivors (9216K)
 Metaspace       used 132153K, committed 134464K, reserved 1179648K
  class space    used 17614K, committed 18752K, reserved 1048576K
}
Event: 472.627 GC heap before
{Heap before GC invocations=62 (full 0):
 garbage-first heap   total 311296K, used 247062K [0x0000000080000000, 0x0000000100000000)
  region size 1024K, 62 young (63488K), 9 survivors (9216K)
 Metaspace       used 133665K, committed 136064K, reserved 1179648K
  class space    used 17735K, committed 18944K, reserved 1048576K
}
Event: 472.639 GC heap after
{Heap after GC invocations=63 (full 0):
 garbage-first heap   total 311296K, used 179939K [0x0000000080000000, 0x0000000100000000)
  region size 1024K, 8 young (8192K), 8 survivors (8192K)
 Metaspace       used 133665K, committed 136064K, reserved 1179648K
  class space    used 17735K, committed 18944K, reserved 1048576K
}
Event: 495.219 GC heap before
{Heap before GC invocations=63 (full 0):
 garbage-first heap   total 311296K, used 259811K [0x0000000080000000, 0x0000000100000000)
  region size 1024K, 87 young (89088K), 8 survivors (8192K)
 Metaspace       used 136102K, committed 138432K, reserved 1179648K
  class space    used 17968K, committed 19136K, reserved 1048576K
}
Event: 500.553 GC heap after
{Heap after GC invocations=64 (full 0):
 garbage-first heap   total 311296K, used 188851K [0x0000000080000000, 0x0000000100000000)
  region size 1024K, 10 young (10240K), 10 survivors (10240K)
 Metaspace       used 136102K, committed 138432K, reserved 1179648K
  class space    used 17968K, committed 19136K, reserved 1048576K
}
Event: 500.671 GC heap before
{Heap before GC invocations=64 (full 0):
 garbage-first heap   total 311296K, used 193971K [0x0000000080000000, 0x0000000100000000)
  region size 1024K, 15 young (15360K), 10 survivors (10240K)
 Metaspace       used 136112K, committed 138432K, reserved 1179648K
  class space    used 17968K, committed 19136K, reserved 1048576K
}
Event: 500.882 GC heap after
{Heap after GC invocations=65 (full 0):
 garbage-first heap   total 311296K, used 189794K [0x0000000080000000, 0x0000000100000000)
  region size 1024K, 2 young (2048K), 2 survivors (2048K)
 Metaspace       used 136112K, committed 138432K, reserved 1179648K
  class space    used 17968K, committed 19136K, reserved 1048576K
}
Event: 501.496 GC heap before
{Heap before GC invocations=65 (full 0):
 garbage-first heap   total 311296K, used 203106K [0x0000000080000000, 0x0000000100000000)
  region size 1024K, 15 young (15360K), 2 survivors (2048K)
 Metaspace       used 136126K, committed 138432K, reserved 1179648K
  class space    used 17969K, committed 19136K, reserved 1048576K
}
Event: 502.006 GC heap after
{Heap after GC invocations=66 (full 0):
 garbage-first heap   total 311296K, used 190573K [0x0000000080000000, 0x0000000100000000)
  region size 1024K, 2 young (2048K), 2 survivors (2048K)
 Metaspace       used 136126K, committed 138432K, reserved 1179648K
  class space    used 17969K, committed 19136K, reserved 1048576K
}
Event: 502.475 GC heap before
{Heap before GC invocations=66 (full 0):
 garbage-first heap   total 311296K, used 203885K [0x0000000080000000, 0x0000000100000000)
  region size 1024K, 15 young (15360K), 2 survivors (2048K)
 Metaspace       used 136147K, committed 138432K, reserved 1179648K
  class space    used 17971K, committed 19136K, reserved 1048576K
}
Event: 502.527 GC heap after
{Heap after GC invocations=67 (full 0):
 garbage-first heap   total 311296K, used 191240K [0x0000000080000000, 0x0000000100000000)
  region size 1024K, 2 young (2048K), 2 survivors (2048K)
 Metaspace       used 136147K, committed 138432K, reserved 1179648K
  class space    used 17971K, committed 19136K, reserved 1048576K
}
Event: 513.718 GC heap before
{Heap before GC invocations=67 (full 0):
 garbage-first heap   total 311296K, used 203528K [0x0000000080000000, 0x0000000100000000)
  region size 1024K, 15 young (15360K), 2 survivors (2048K)
 Metaspace       used 136356K, committed 138624K, reserved 1179648K
  class space    used 17985K, committed 19136K, reserved 1048576K
}

