# JRE version: OpenJDK Runtime Environment (21.0.7) (build 21.0.7+-13880790-b1038.58)
# Java VM: OpenJDK 64-Bit Server VM (21.0.7+-13880790-b1038.58, mixed mode, tiered, compressed oops, compressed class ptrs, g1 gc, windows-amd64)
GC Precious Log:
 CardTable entry size: 512
 Card Set container configuration: InlinePtr #cards 5 size 8 Array Of Cards #cards 12 size 40 Howl #buckets 4 coarsen threshold 1843 Howl Bitmap #cards 512 size 80 coarsen threshold 460 Card regions per heap region 1 cards per card region 2048
 CPUs: 12 total, 12 available
 Memory: 7583M
 Large Page Support: Disabled
 NUMA Support: Disabled
 Compressed Oops: Enabled (32-bit)
 Heap Region Size: 1M
 Heap Min Capacity: 8M
 Heap Initial Capacity: 120M
 Heap Max Capacity: 2G
 Pre-touch: Disabled
 Parallel Workers: 10
 Concurrent Workers: 3
 Concurrent Refinement Workers: 10
 Periodic GC: Disabled
Heap:
 garbage-first heap   total 176128K, used 116185K [0x0000000080000000, 0x0000000100000000)
  region size 1024K, 8 young (8192K), 6 survivors (6144K)
 Metaspace       used 124998K, committed 127168K, reserved 1179648K
  class space    used 16717K, committed 17792K, reserved 1048576K
GC Heap History (20 events):
Event: 26.442 GC heap before
{Heap before GC invocations=30 (full 0):
 garbage-first heap   total 138240K, used 125851K [0x0000000080000000, 0x0000000100000000)
  region size 1024K, 39 young (39936K), 3 survivors (3072K)
 Metaspace       used 95157K, committed 97088K, reserved 1179648K
  class space    used 12848K, committed 13760K, reserved 1048576K
}
Event: 26.451 GC heap after
{Heap after GC invocations=31 (full 0):
 garbage-first heap   total 138240K, used 90582K [0x0000000080000000, 0x0000000100000000)
  region size 1024K, 5 young (5120K), 5 survivors (5120K)
 Metaspace       used 95157K, committed 97088K, reserved 1179648K
  class space    used 12848K, committed 13760K, reserved 1048576K
}
Event: 27.735 GC heap before
{Heap before GC invocations=32 (full 0):
 garbage-first heap   total 153600K, used 126422K [0x0000000080000000, 0x0000000100000000)
  region size 1024K, 37 young (37888K), 5 survivors (5120K)
 Metaspace       used 98690K, committed 100608K, reserved 1179648K
  class space    used 13316K, committed 14272K, reserved 1048576K
}
Event: 27.743 GC heap after
{Heap after GC invocations=33 (full 0):
 garbage-first heap   total 153600K, used 96081K [0x0000000080000000, 0x0000000100000000)
  region size 1024K, 5 young (5120K), 5 survivors (5120K)
 Metaspace       used 98690K, committed 100608K, reserved 1179648K
  class space    used 13316K, committed 14272K, reserved 1048576K
}
Event: 29.086 GC heap before
{Heap before GC invocations=33 (full 0):
 garbage-first heap   total 153600K, used 139089K [0x0000000080000000, 0x0000000100000000)
  region size 1024K, 47 young (48128K), 5 survivors (5120K)
 Metaspace       used 101573K, committed 103552K, reserved 1179648K
  class space    used 13742K, committed 14720K, reserved 1048576K
}
Event: 29.097 GC heap after
{Heap after GC invocations=34 (full 0):
 garbage-first heap   total 153600K, used 96442K [0x0000000080000000, 0x0000000100000000)
  region size 1024K, 4 young (4096K), 4 survivors (4096K)
 Metaspace       used 101573K, committed 103552K, reserved 1179648K
  class space    used 13742K, committed 14720K, reserved 1048576K
}
Event: 42.403 GC heap before
{Heap before GC invocations=34 (full 0):
 garbage-first heap   total 153600K, used 140474K [0x0000000080000000, 0x0000000100000000)
  region size 1024K, 47 young (48128K), 4 survivors (4096K)
 Metaspace       used 103085K, committed 105088K, reserved 1179648K
  class space    used 13934K, committed 14912K, reserved 1048576K
}
Event: 42.412 GC heap after
{Heap after GC invocations=35 (full 0):
 garbage-first heap   total 153600K, used 100637K [0x0000000080000000, 0x0000000100000000)
  region size 1024K, 6 young (6144K), 6 survivors (6144K)
 Metaspace       used 103085K, committed 105088K, reserved 1179648K
  class space    used 13934K, committed 14912K, reserved 1048576K
}
Event: 44.492 GC heap before
{Heap before GC invocations=36 (full 0):
 garbage-first heap   total 168960K, used 137501K [0x0000000080000000, 0x0000000100000000)
  region size 1024K, 42 young (43008K), 6 survivors (6144K)
 Metaspace       used 105906K, committed 107968K, reserved 1179648K
  class space    used 14318K, committed 15360K, reserved 1048576K
}
Event: 44.500 GC heap after
{Heap after GC invocations=37 (full 0):
 garbage-first heap   total 168960K, used 103160K [0x0000000080000000, 0x0000000100000000)
  region size 1024K, 3 young (3072K), 3 survivors (3072K)
 Metaspace       used 105906K, committed 107968K, reserved 1179648K
  class space    used 14318K, committed 15360K, reserved 1048576K
}
Event: 47.736 GC heap before
{Heap before GC invocations=37 (full 0):
 garbage-first heap   total 168960K, used 154360K [0x0000000080000000, 0x0000000100000000)
  region size 1024K, 53 young (54272K), 3 survivors (3072K)
 Metaspace       used 110049K, committed 112128K, reserved 1179648K
  class space    used 15068K, committed 16128K, reserved 1048576K
}
Event: 47.744 GC heap after
{Heap after GC invocations=38 (full 0):
 garbage-first heap   total 168960K, used 102209K [0x0000000080000000, 0x0000000100000000)
  region size 1024K, 3 young (3072K), 3 survivors (3072K)
 Metaspace       used 110049K, committed 112128K, reserved 1179648K
  class space    used 15068K, committed 16128K, reserved 1048576K
}
Event: 53.007 GC heap before
{Heap before GC invocations=38 (full 0):
 garbage-first heap   total 168960K, used 156481K [0x0000000080000000, 0x0000000100000000)
  region size 1024K, 56 young (57344K), 3 survivors (3072K)
 Metaspace       used 114078K, committed 116224K, reserved 1179648K
  class space    used 15655K, committed 16704K, reserved 1048576K
}
Event: 53.015 GC heap after
{Heap after GC invocations=39 (full 0):
 garbage-first heap   total 168960K, used 105273K [0x0000000080000000, 0x0000000100000000)
  region size 1024K, 6 young (6144K), 6 survivors (6144K)
 Metaspace       used 114078K, committed 116224K, reserved 1179648K
  class space    used 15655K, committed 16704K, reserved 1048576K
}
Event: 55.642 GC heap before
{Heap before GC invocations=40 (full 0):
 garbage-first heap   total 176128K, used 156473K [0x0000000080000000, 0x0000000100000000)
  region size 1024K, 52 young (53248K), 6 survivors (6144K)
 Metaspace       used 118398K, committed 120640K, reserved 1179648K
  class space    used 16164K, committed 17280K, reserved 1048576K
}
Event: 55.657 GC heap after
{Heap after GC invocations=41 (full 0):
 garbage-first heap   total 176128K, used 110351K [0x0000000080000000, 0x0000000100000000)
  region size 1024K, 7 young (7168K), 7 survivors (7168K)
 Metaspace       used 118398K, committed 120640K, reserved 1179648K
  class space    used 16164K, committed 17280K, reserved 1048576K
}
Event: 126.840 GC heap before
{Heap before GC invocations=41 (full 0):
 garbage-first heap   total 176128K, used 157455K [0x0000000080000000, 0x0000000100000000)
  region size 1024K, 54 young (55296K), 7 survivors (7168K)
 Metaspace       used 124587K, committed 126784K, reserved 1179648K
  class space    used 16715K, committed 17792K, reserved 1048576K
}
Event: 126.894 GC heap after
{Heap after GC invocations=42 (full 0):
 garbage-first heap   total 176128K, used 111808K [0x0000000080000000, 0x0000000100000000)
  region size 1024K, 2 young (2048K), 2 survivors (2048K)
 Metaspace       used 124587K, committed 126784K, reserved 1179648K
  class space    used 16715K, committed 17792K, reserved 1048576K
}
Event: 128.534 GC heap before
{Heap before GC invocations=42 (full 0):
 garbage-first heap   total 176128K, used 161984K [0x0000000080000000, 0x0000000100000000)
  region size 1024K, 52 young (53248K), 2 survivors (2048K)
 Metaspace       used 124980K, committed 127168K, reserved 1179648K
  class space    used 16717K, committed 17792K, reserved 1048576K
}
Event: 128.555 GC heap after
{Heap after GC invocations=43 (full 0):
 garbage-first heap   total 176128K, used 115161K [0x0000000080000000, 0x0000000100000000)
  region size 1024K, 6 young (6144K), 6 survivors (6144K)
 Metaspace       used 124980K, committed 127168K, reserved 1179648K
  class space    used 16717K, committed 17792K, reserved 1048576K
}

